<?xml version="1.0" encoding="UTF-8" ?>
<testsuite tests="6" failures="5" name="AWChromeTest" time="0.374" errors="0" skipped="0">
  <properties>
[...]
</properties>
  <testcase classname="AWChromeTest" name="testAdvertiseChooserSize" time="0.303">
    <failure message="stale element reference: element is not attached to the page document
  (Session info: chrome=57.0.2987.133)
  (Driver info: chromedriver=2.29.461585 (0be2cd95f834e9ee7c46bcc7cf405b483f5ae83b),platform=Mac OS X 10.12.4 x86_64) (WARNING: The server did not provide any stacktrace information)
Command duration or timeout: 248 milliseconds
For documentation on this error, please visit: http://seleniumhq.org/exceptions/stale_element_reference.html
Build info: version: &apos;3.4.0&apos;, revision: &apos;unknown&apos;, time: &apos;unknown&apos;
System info: host: &apos;TBALOGH-NMBP&apos;, ip: &apos;fe80:0:0:0:cad:815e:1d24:a8bc%en0&apos;, os.name: &apos;Mac OS X&apos;, os.arch: &apos;x86_64&apos;, os.version: &apos;10.12.4&apos;, java.version: &apos;1.8.0_74&apos;
Driver info: org.openqa.selenium.chrome.ChromeDriver
Capabilities [{applicationCacheEnabled=false, rotatable=false, mobileEmulationEnabled=false, networkConnectionEnabled=false, chrome={chromedriverVersion=2.29.461585 (0be2cd95f834e9ee7c46bcc7cf405b483f5ae83b), userDataDir=/Users/tbalogh/dev/lmi/testlocal}, takesHeapSnapshot=true, pageLoadStrategy=normal, databaseEnabled=false, handlesAlerts=true, hasTouchScreen=false, version=57.0.2987.133, platform=MAC, browserConnectionEnabled=false, nativeEvents=true, acceptSslCerts=true, locationContextEnabled=true, webStorageEnabled=true, browserName=chrome, takesScreenshot=true, javascriptEnabled=true, cssSelectorsEnabled=true, unexpectedAlertBehaviour=}]
Session ID: b25d6147bd823beb28d373fce706209f" type="org.openqa.selenium.StaleElementReferenceException">org.openqa.selenium.StaleElementReferenceException: stale element reference: element is not attached to the page document
  (Session info: chrome=57.0.2987.133)
  (Driver info: chromedriver=2.29.461585 (0be2cd95f834e9ee7c46bcc7cf405b483f5ae83b),platform=Mac OS X 10.12.4 x86_64) (WARNING: The server did not provide any stacktrace information)
Command duration or timeout: 248 milliseconds
For documentation on this error, please visit: http://seleniumhq.org/exceptions/stale_element_reference.html
Build info: version: &apos;3.4.0&apos;, revision: &apos;unknown&apos;, time: &apos;unknown&apos;
System info: host: &apos;TBALOGH-NMBP&apos;, ip: &apos;fe80:0:0:0:cad:815e:1d24:a8bc%en0&apos;, os.name: &apos;Mac OS X&apos;, os.arch: &apos;x86_64&apos;, os.version: &apos;10.12.4&apos;, java.version: &apos;1.8.0_74&apos;
Driver info: org.openqa.selenium.chrome.ChromeDriver
Capabilities [{applicationCacheEnabled=false, rotatable=false, mobileEmulationEnabled=false, networkConnectionEnabled=false, chrome={chromedriverVersion=2.29.461585 (0be2cd95f834e9ee7c46bcc7cf405b483f5ae83b), userDataDir=/Users/tbalogh/dev/lmi/testlocal}, takesHeapSnapshot=true, pageLoadStrategy=normal, databaseEnabled=false, handlesAlerts=true, hasTouchScreen=false, version=57.0.2987.133, platform=MAC, browserConnectionEnabled=false, nativeEvents=true, acceptSslCerts=true, locationContextEnabled=true, webStorageEnabled=true, browserName=chrome, takesScreenshot=true, javascriptEnabled=true, cssSelectorsEnabled=true, unexpectedAlertBehaviour=}]
Session ID: b25d6147bd823beb28d373fce706209f
	at sun.reflect.NativeConstructorAccessorImpl.newInstance0(Native Method)
	at sun.reflect.NativeConstructorAccessorImpl.newInstance(NativeConstructorAccessorImpl.java:62)
	at sun.reflect.DelegatingConstructorAccessorImpl.newInstance(DelegatingConstructorAccessorImpl.java:45)
	at java.lang.reflect.Constructor.newInstance(Constructor.java:423)
	at org.openqa.selenium.remote.ErrorHandler.createThrowable(ErrorHandler.java:215)
	at org.openqa.selenium.remote.ErrorHandler.throwIfResponseFailed(ErrorHandler.java:167)
	at org.openqa.selenium.remote.RemoteWebDriver.execute(RemoteWebDriver.java:671)
	at org.openqa.selenium.remote.RemoteWebElement.execute(RemoteWebElement.java:272)
	at org.openqa.selenium.remote.RemoteWebElement.click(RemoteWebElement.java:82)
	at AWChromeTest.navigateToAdvertisePage(AWChromeTest.java:134)
	at AWChromeTest.testAdvertiseChooserSize(AWChromeTest.java:74)
</failure>
    <system-out>Configuring TestNG with: org.apache.maven.surefire.testng.conf.TestNG652Configurator@200a570f
Set thread count to 2
</system-out>
    <system-err>Starting ChromeDriver 2.29.461585 (0be2cd95f834e9ee7c46bcc7cf405b483f5ae83b) on port 5029
Only local connections are allowed.
May 09, 2017 3:46:18 PM org.openqa.selenium.remote.ProtocolHandshake createSession
INFO: Detected dialect: OSS
May 09, 2017 3:46:18 PM org.apache.http.impl.execchain.RetryExec execute
INFO: I/O exception (java.net.SocketException) caught when processing request to {}-&gt;http://localhost:5029: Broken pipe
May 09, 2017 3:46:18 PM org.apache.http.impl.execchain.RetryExec execute
INFO: Retrying request to {}-&gt;http://localhost:5029
</system-err>
  </testcase>
  <testcase classname="AWChromeTest" name="testAdvertisePriceOfOneIssue" time="0.023">
    <failure message="no such element: Unable to locate element: {&quot;method&quot;:&quot;xpath&quot;,&quot;selector&quot;:&quot;//*[@id=&quot;chooser&quot;]/ul/li[5]/div/output&quot;}
  (Session info: chrome=57.0.2987.133)
  (Driver info: chromedriver=2.29.461585 (0be2cd95f834e9ee7c46bcc7cf405b483f5ae83b),platform=Mac OS X 10.12.4 x86_64) (WARNING: The server did not provide any stacktrace information)
Command duration or timeout: 170 milliseconds
For documentation on this error, please visit: http://seleniumhq.org/exceptions/no_such_element.html
Build info: version: &apos;3.4.0&apos;, revision: &apos;unknown&apos;, time: &apos;unknown&apos;
System info: host: &apos;TBALOGH-NMBP&apos;, ip: &apos;fe80:0:0:0:cad:815e:1d24:a8bc%en0&apos;, os.name: &apos;Mac OS X&apos;, os.arch: &apos;x86_64&apos;, os.version: &apos;10.12.4&apos;, java.version: &apos;1.8.0_74&apos;
Driver info: org.openqa.selenium.chrome.ChromeDriver
Capabilities [{applicationCacheEnabled=false, rotatable=false, mobileEmulationEnabled=false, networkConnectionEnabled=false, chrome={chromedriverVersion=2.29.461585 (0be2cd95f834e9ee7c46bcc7cf405b483f5ae83b), userDataDir=/Users/tbalogh/dev/lmi/testlocal}, takesHeapSnapshot=true, pageLoadStrategy=normal, databaseEnabled=false, handlesAlerts=true, hasTouchScreen=false, version=57.0.2987.133, platform=MAC, browserConnectionEnabled=false, nativeEvents=true, acceptSslCerts=true, locationContextEnabled=true, webStorageEnabled=true, browserName=chrome, takesScreenshot=true, javascriptEnabled=true, cssSelectorsEnabled=true, unexpectedAlertBehaviour=}]
Session ID: b25d6147bd823beb28d373fce706209f
*** Element info: {Using=xpath, value=//*[@id=&quot;chooser&quot;]/ul/li[5]/div/output}" type="org.openqa.selenium.NoSuchElementException">org.openqa.selenium.NoSuchElementException: no such element: Unable to locate element: {&quot;method&quot;:&quot;xpath&quot;,&quot;selector&quot;:&quot;//*[@id=&quot;chooser&quot;]/ul/li[5]/div/output&quot;}
  (Session info: chrome=57.0.2987.133)
  (Driver info: chromedriver=2.29.461585 (0be2cd95f834e9ee7c46bcc7cf405b483f5ae83b),platform=Mac OS X 10.12.4 x86_64) (WARNING: The server did not provide any stacktrace information)
Command duration or timeout: 170 milliseconds
For documentation on this error, please visit: http://seleniumhq.org/exceptions/no_such_element.html
Build info: version: &apos;3.4.0&apos;, revision: &apos;unknown&apos;, time: &apos;unknown&apos;
System info: host: &apos;TBALOGH-NMBP&apos;, ip: &apos;fe80:0:0:0:cad:815e:1d24:a8bc%en0&apos;, os.name: &apos;Mac OS X&apos;, os.arch: &apos;x86_64&apos;, os.version: &apos;10.12.4&apos;, java.version: &apos;1.8.0_74&apos;
Driver info: org.openqa.selenium.chrome.ChromeDriver
Capabilities [{applicationCacheEnabled=false, rotatable=false, mobileEmulationEnabled=false, networkConnectionEnabled=false, chrome={chromedriverVersion=2.29.461585 (0be2cd95f834e9ee7c46bcc7cf405b483f5ae83b), userDataDir=/Users/tbalogh/dev/lmi/testlocal}, takesHeapSnapshot=true, pageLoadStrategy=normal, databaseEnabled=false, handlesAlerts=true, hasTouchScreen=false, version=57.0.2987.133, platform=MAC, browserConnectionEnabled=false, nativeEvents=true, acceptSslCerts=true, locationContextEnabled=true, webStorageEnabled=true, browserName=chrome, takesScreenshot=true, javascriptEnabled=true, cssSelectorsEnabled=true, unexpectedAlertBehaviour=}]
Session ID: b25d6147bd823beb28d373fce706209f
*** Element info: {Using=xpath, value=//*[@id=&quot;chooser&quot;]/ul/li[5]/div/output}
	at sun.reflect.NativeConstructorAccessorImpl.newInstance0(Native Method)
	at sun.reflect.NativeConstructorAccessorImpl.newInstance(NativeConstructorAccessorImpl.java:62)
	at sun.reflect.DelegatingConstructorAccessorImpl.newInstance(DelegatingConstructorAccessorImpl.java:45)
	at java.lang.reflect.Constructor.newInstance(Constructor.java:423)
	at org.openqa.selenium.remote.ErrorHandler.createThrowable(ErrorHandler.java:215)
	at org.openqa.selenium.remote.ErrorHandler.throwIfResponseFailed(ErrorHandler.java:167)
	at org.openqa.selenium.remote.RemoteWebDriver.execute(RemoteWebDriver.java:671)
	at org.openqa.selenium.remote.RemoteWebDriver.findElement(RemoteWebDriver.java:410)
	at org.openqa.selenium.remote.RemoteWebDriver.findElementByXPath(RemoteWebDriver.java:509)
	at org.openqa.selenium.By$ByXPath.findElement(By.java:361)
	at org.openqa.selenium.remote.RemoteWebDriver.findElement(RemoteWebDriver.java:402)
	at AWChromeTest.testAdvertisePriceOfOneIssue(AWChromeTest.java:84)
</failure>
  </testcase>
  <testcase classname="AWChromeTest" name="testAdvertisePriceOfThreeIssue" time="0.006">
    <failure message="stale element reference: element is not attached to the page document
  (Session info: chrome=57.0.2987.133)
  (Driver info: chromedriver=2.29.461585 (0be2cd95f834e9ee7c46bcc7cf405b483f5ae83b),platform=Mac OS X 10.12.4 x86_64) (WARNING: The server did not provide any stacktrace information)
Command duration or timeout: 156 milliseconds
For documentation on this error, please visit: http://seleniumhq.org/exceptions/stale_element_reference.html
Build info: version: &apos;3.4.0&apos;, revision: &apos;unknown&apos;, time: &apos;unknown&apos;
System info: host: &apos;TBALOGH-NMBP&apos;, ip: &apos;fe80:0:0:0:cad:815e:1d24:a8bc%en0&apos;, os.name: &apos;Mac OS X&apos;, os.arch: &apos;x86_64&apos;, os.version: &apos;10.12.4&apos;, java.version: &apos;1.8.0_74&apos;
Driver info: org.openqa.selenium.chrome.ChromeDriver
Capabilities [{applicationCacheEnabled=false, rotatable=false, mobileEmulationEnabled=false, networkConnectionEnabled=false, chrome={chromedriverVersion=2.29.461585 (0be2cd95f834e9ee7c46bcc7cf405b483f5ae83b), userDataDir=/Users/tbalogh/dev/lmi/testlocal}, takesHeapSnapshot=true, pageLoadStrategy=normal, databaseEnabled=false, handlesAlerts=true, hasTouchScreen=false, version=57.0.2987.133, platform=MAC, browserConnectionEnabled=false, nativeEvents=true, acceptSslCerts=true, locationContextEnabled=true, webStorageEnabled=true, browserName=chrome, takesScreenshot=true, javascriptEnabled=true, cssSelectorsEnabled=true, unexpectedAlertBehaviour=}]
Session ID: b25d6147bd823beb28d373fce706209f" type="org.openqa.selenium.StaleElementReferenceException">org.openqa.selenium.StaleElementReferenceException: stale element reference: element is not attached to the page document
  (Session info: chrome=57.0.2987.133)
  (Driver info: chromedriver=2.29.461585 (0be2cd95f834e9ee7c46bcc7cf405b483f5ae83b),platform=Mac OS X 10.12.4 x86_64) (WARNING: The server did not provide any stacktrace information)
Command duration or timeout: 156 milliseconds
For documentation on this error, please visit: http://seleniumhq.org/exceptions/stale_element_reference.html
Build info: version: &apos;3.4.0&apos;, revision: &apos;unknown&apos;, time: &apos;unknown&apos;
System info: host: &apos;TBALOGH-NMBP&apos;, ip: &apos;fe80:0:0:0:cad:815e:1d24:a8bc%en0&apos;, os.name: &apos;Mac OS X&apos;, os.arch: &apos;x86_64&apos;, os.version: &apos;10.12.4&apos;, java.version: &apos;1.8.0_74&apos;
Driver info: org.openqa.selenium.chrome.ChromeDriver
Capabilities [{applicationCacheEnabled=false, rotatable=false, mobileEmulationEnabled=false, networkConnectionEnabled=false, chrome={chromedriverVersion=2.29.461585 (0be2cd95f834e9ee7c46bcc7cf405b483f5ae83b), userDataDir=/Users/tbalogh/dev/lmi/testlocal}, takesHeapSnapshot=true, pageLoadStrategy=normal, databaseEnabled=false, handlesAlerts=true, hasTouchScreen=false, version=57.0.2987.133, platform=MAC, browserConnectionEnabled=false, nativeEvents=true, acceptSslCerts=true, locationContextEnabled=true, webStorageEnabled=true, browserName=chrome, takesScreenshot=true, javascriptEnabled=true, cssSelectorsEnabled=true, unexpectedAlertBehaviour=}]
Session ID: b25d6147bd823beb28d373fce706209f
	at sun.reflect.NativeConstructorAccessorImpl.newInstance0(Native Method)
	at sun.reflect.NativeConstructorAccessorImpl.newInstance(NativeConstructorAccessorImpl.java:62)
	at sun.reflect.DelegatingConstructorAccessorImpl.newInstance(DelegatingConstructorAccessorImpl.java:45)
	at java.lang.reflect.Constructor.newInstance(Constructor.java:423)
	at org.openqa.selenium.remote.ErrorHandler.createThrowable(ErrorHandler.java:215)
	at org.openqa.selenium.remote.ErrorHandler.throwIfResponseFailed(ErrorHandler.java:167)
	at org.openqa.selenium.remote.RemoteWebDriver.execute(RemoteWebDriver.java:671)
	at org.openqa.selenium.remote.RemoteWebElement.execute(RemoteWebElement.java:272)
	at org.openqa.selenium.remote.RemoteWebElement.click(RemoteWebElement.java:82)
	at AWChromeTest.navigateToAdvertisePage(AWChromeTest.java:134)
	at AWChromeTest.testAdvertisePriceOfThreeIssue(AWChromeTest.java:104)
</failure>
  </testcase>
  <testcase classname="AWChromeTest" name="testAdvertisePriceOfTwoIssue" time="0.007">
    <failure message="stale element reference: element is not attached to the page document
  (Session info: chrome=57.0.2987.133)
  (Driver info: chromedriver=2.29.461585 (0be2cd95f834e9ee7c46bcc7cf405b483f5ae83b),platform=Mac OS X 10.12.4 x86_64) (WARNING: The server did not provide any stacktrace information)
Command duration or timeout: 182 milliseconds
For documentation on this error, please visit: http://seleniumhq.org/exceptions/stale_element_reference.html
Build info: version: &apos;3.4.0&apos;, revision: &apos;unknown&apos;, time: &apos;unknown&apos;
System info: host: &apos;TBALOGH-NMBP&apos;, ip: &apos;fe80:0:0:0:cad:815e:1d24:a8bc%en0&apos;, os.name: &apos;Mac OS X&apos;, os.arch: &apos;x86_64&apos;, os.version: &apos;10.12.4&apos;, java.version: &apos;1.8.0_74&apos;
Driver info: org.openqa.selenium.chrome.ChromeDriver
Capabilities [{applicationCacheEnabled=false, rotatable=false, mobileEmulationEnabled=false, networkConnectionEnabled=false, chrome={chromedriverVersion=2.29.461585 (0be2cd95f834e9ee7c46bcc7cf405b483f5ae83b), userDataDir=/Users/tbalogh/dev/lmi/testlocal}, takesHeapSnapshot=true, pageLoadStrategy=normal, databaseEnabled=false, handlesAlerts=true, hasTouchScreen=false, version=57.0.2987.133, platform=MAC, browserConnectionEnabled=false, nativeEvents=true, acceptSslCerts=true, locationContextEnabled=true, webStorageEnabled=true, browserName=chrome, takesScreenshot=true, javascriptEnabled=true, cssSelectorsEnabled=true, unexpectedAlertBehaviour=}]
Session ID: b25d6147bd823beb28d373fce706209f" type="org.openqa.selenium.StaleElementReferenceException">org.openqa.selenium.StaleElementReferenceException: stale element reference: element is not attached to the page document
  (Session info: chrome=57.0.2987.133)
  (Driver info: chromedriver=2.29.461585 (0be2cd95f834e9ee7c46bcc7cf405b483f5ae83b),platform=Mac OS X 10.12.4 x86_64) (WARNING: The server did not provide any stacktrace information)
Command duration or timeout: 182 milliseconds
For documentation on this error, please visit: http://seleniumhq.org/exceptions/stale_element_reference.html
Build info: version: &apos;3.4.0&apos;, revision: &apos;unknown&apos;, time: &apos;unknown&apos;
System info: host: &apos;TBALOGH-NMBP&apos;, ip: &apos;fe80:0:0:0:cad:815e:1d24:a8bc%en0&apos;, os.name: &apos;Mac OS X&apos;, os.arch: &apos;x86_64&apos;, os.version: &apos;10.12.4&apos;, java.version: &apos;1.8.0_74&apos;
Driver info: org.openqa.selenium.chrome.ChromeDriver
Capabilities [{applicationCacheEnabled=false, rotatable=false, mobileEmulationEnabled=false, networkConnectionEnabled=false, chrome={chromedriverVersion=2.29.461585 (0be2cd95f834e9ee7c46bcc7cf405b483f5ae83b), userDataDir=/Users/tbalogh/dev/lmi/testlocal}, takesHeapSnapshot=true, pageLoadStrategy=normal, databaseEnabled=false, handlesAlerts=true, hasTouchScreen=false, version=57.0.2987.133, platform=MAC, browserConnectionEnabled=false, nativeEvents=true, acceptSslCerts=true, locationContextEnabled=true, webStorageEnabled=true, browserName=chrome, takesScreenshot=true, javascriptEnabled=true, cssSelectorsEnabled=true, unexpectedAlertBehaviour=}]
Session ID: b25d6147bd823beb28d373fce706209f
	at sun.reflect.NativeConstructorAccessorImpl.newInstance0(Native Method)
	at sun.reflect.NativeConstructorAccessorImpl.newInstance(NativeConstructorAccessorImpl.java:62)
	at sun.reflect.DelegatingConstructorAccessorImpl.newInstance(DelegatingConstructorAccessorImpl.java:45)
	at java.lang.reflect.Constructor.newInstance(Constructor.java:423)
	at org.openqa.selenium.remote.ErrorHandler.createThrowable(ErrorHandler.java:215)
	at org.openqa.selenium.remote.ErrorHandler.throwIfResponseFailed(ErrorHandler.java:167)
	at org.openqa.selenium.remote.RemoteWebDriver.execute(RemoteWebDriver.java:671)
	at org.openqa.selenium.remote.RemoteWebElement.execute(RemoteWebElement.java:272)
	at org.openqa.selenium.remote.RemoteWebElement.click(RemoteWebElement.java:82)
	at AWChromeTest.navigateToAdvertisePage(AWChromeTest.java:134)
	at AWChromeTest.testAdvertisePriceOfTwoIssue(AWChromeTest.java:94)
</failure>
  </testcase>
  <testcase classname="AWChromeTest" name="testNavigateToJobs" time="0.017">
    <failure message="stale element reference: element is not attached to the page document
  (Session info: chrome=57.0.2987.133)
  (Driver info: chromedriver=2.29.461585 (0be2cd95f834e9ee7c46bcc7cf405b483f5ae83b),platform=Mac OS X 10.12.4 x86_64) (WARNING: The server did not provide any stacktrace information)
Command duration or timeout: 243 milliseconds
For documentation on this error, please visit: http://seleniumhq.org/exceptions/stale_element_reference.html
Build info: version: &apos;3.4.0&apos;, revision: &apos;unknown&apos;, time: &apos;unknown&apos;
System info: host: &apos;TBALOGH-NMBP&apos;, ip: &apos;fe80:0:0:0:cad:815e:1d24:a8bc%en0&apos;, os.name: &apos;Mac OS X&apos;, os.arch: &apos;x86_64&apos;, os.version: &apos;10.12.4&apos;, java.version: &apos;1.8.0_74&apos;
Driver info: org.openqa.selenium.chrome.ChromeDriver
Capabilities [{applicationCacheEnabled=false, rotatable=false, mobileEmulationEnabled=false, networkConnectionEnabled=false, chrome={chromedriverVersion=2.29.461585 (0be2cd95f834e9ee7c46bcc7cf405b483f5ae83b), userDataDir=/Users/tbalogh/dev/lmi/testlocal}, takesHeapSnapshot=true, pageLoadStrategy=normal, databaseEnabled=false, handlesAlerts=true, hasTouchScreen=false, version=57.0.2987.133, platform=MAC, browserConnectionEnabled=false, nativeEvents=true, acceptSslCerts=true, locationContextEnabled=true, webStorageEnabled=true, browserName=chrome, takesScreenshot=true, javascriptEnabled=true, cssSelectorsEnabled=true, unexpectedAlertBehaviour=}]
Session ID: b25d6147bd823beb28d373fce706209f" type="org.openqa.selenium.StaleElementReferenceException">org.openqa.selenium.StaleElementReferenceException: stale element reference: element is not attached to the page document
  (Session info: chrome=57.0.2987.133)
  (Driver info: chromedriver=2.29.461585 (0be2cd95f834e9ee7c46bcc7cf405b483f5ae83b),platform=Mac OS X 10.12.4 x86_64) (WARNING: The server did not provide any stacktrace information)
Command duration or timeout: 243 milliseconds
For documentation on this error, please visit: http://seleniumhq.org/exceptions/stale_element_reference.html
Build info: version: &apos;3.4.0&apos;, revision: &apos;unknown&apos;, time: &apos;unknown&apos;
System info: host: &apos;TBALOGH-NMBP&apos;, ip: &apos;fe80:0:0:0:cad:815e:1d24:a8bc%en0&apos;, os.name: &apos;Mac OS X&apos;, os.arch: &apos;x86_64&apos;, os.version: &apos;10.12.4&apos;, java.version: &apos;1.8.0_74&apos;
Driver info: org.openqa.selenium.chrome.ChromeDriver
Capabilities [{applicationCacheEnabled=false, rotatable=false, mobileEmulationEnabled=false, networkConnectionEnabled=false, chrome={chromedriverVersion=2.29.461585 (0be2cd95f834e9ee7c46bcc7cf405b483f5ae83b), userDataDir=/Users/tbalogh/dev/lmi/testlocal}, takesHeapSnapshot=true, pageLoadStrategy=normal, databaseEnabled=false, handlesAlerts=true, hasTouchScreen=false, version=57.0.2987.133, platform=MAC, browserConnectionEnabled=false, nativeEvents=true, acceptSslCerts=true, locationContextEnabled=true, webStorageEnabled=true, browserName=chrome, takesScreenshot=true, javascriptEnabled=true, cssSelectorsEnabled=true, unexpectedAlertBehaviour=}]
Session ID: b25d6147bd823beb28d373fce706209f
	at sun.reflect.NativeConstructorAccessorImpl.newInstance0(Native Method)
	at sun.reflect.NativeConstructorAccessorImpl.newInstance(NativeConstructorAccessorImpl.java:62)
	at sun.reflect.DelegatingConstructorAccessorImpl.newInstance(DelegatingConstructorAccessorImpl.java:45)
	at java.lang.reflect.Constructor.newInstance(Constructor.java:423)
	at org.openqa.selenium.remote.ErrorHandler.createThrowable(ErrorHandler.java:215)
	at org.openqa.selenium.remote.ErrorHandler.throwIfResponseFailed(ErrorHandler.java:167)
	at org.openqa.selenium.remote.RemoteWebDriver.execute(RemoteWebDriver.java:671)
	at org.openqa.selenium.remote.RemoteWebElement.execute(RemoteWebElement.java:272)
	at org.openqa.selenium.remote.RemoteWebElement.click(RemoteWebElement.java:82)
	at AWChromeTest.testNavigateToJobs(AWChromeTest.java:46)
</failure>
  </testcase>
  <testcase classname="AWChromeTest" name="testTitle" time="0.018"/>
</testsuite>